<?xml version="1.0" ?>
<!DOCTYPE coverage SYSTEM "http://cobertura.sourceforge.net/xml/coverage-04.dtd">
<coverage lines-valid="258" lines-covered="154" line-rate="0.5969" branches-valid="187" branches-covered="88" branch-rate="0.4706" timestamp="1654010888308" complexity="0" version="0.1">
  <sources>
    <source>/Users/simone/dev/react/react-query-typed-api</source>
  </sources>
  <packages>
    <package name="src" line-rate="1" branch-rate="1">
      <classes>
        <class name="index.ts" filename="src/index.ts" line-rate="1" branch-rate="1">
          <methods>
          </methods>
          <lines>
            <line number="4" hits="2" branch="false"/>
            <line number="5" hits="2" branch="false"/>
            <line number="6" hits="2" branch="false"/>
            <line number="7" hits="2" branch="false"/>
            <line number="8" hits="2" branch="false"/>
            <line number="9" hits="2" branch="false"/>
          </lines>
        </class>
      </classes>
    </package>
    <package name="src.components" line-rate="0.6667000000000001" branch-rate="1">
      <classes>
        <class name="AppQuery.ts" filename="src/components/AppQuery.ts" line-rate="0.6" branch-rate="1">
          <methods>
            <method name="AppQuery" hits="0" signature="()V">
              <lines>
                <line number="10" hits="0"/>
              </lines>
            </method>
          </methods>
          <lines>
            <line number="2" hits="2" branch="false"/>
            <line number="10" hits="2" branch="false"/>
            <line number="12" hits="0" branch="false"/>
            <line number="13" hits="0" branch="false"/>
            <line number="16" hits="2" branch="false"/>
          </lines>
        </class>
        <class name="index.ts" filename="src/components/index.ts" line-rate="1" branch-rate="1">
          <methods>
          </methods>
          <lines>
            <line number="1" hits="2" branch="false"/>
          </lines>
        </class>
      </classes>
    </package>
    <package name="src.helpers" line-rate="0.8443999999999999" branch-rate="0.6667000000000001">
      <classes>
        <class name="apiUtils.ts" filename="src/helpers/apiUtils.ts" line-rate="0.9309999999999999" branch-rate="0.8">
          <methods>
            <method name="(anonymous_1)" hits="20" signature="()V">
              <lines>
                <line number="5" hits="20"/>
              </lines>
            </method>
            <method name="(anonymous_2)" hits="30" signature="()V">
              <lines>
                <line number="8" hits="30"/>
              </lines>
            </method>
            <method name="buildQueryString" hits="14" signature="()V">
              <lines>
                <line number="18" hits="14"/>
              </lines>
            </method>
            <method name="(anonymous_4)" hits="10" signature="()V">
              <lines>
                <line number="22" hits="10"/>
              </lines>
            </method>
            <method name="buildUrl" hits="20" signature="()V">
              <lines>
                <line number="33" hits="20"/>
              </lines>
            </method>
          </methods>
          <lines>
            <line number="2" hits="3" branch="false"/>
            <line number="5" hits="3" branch="false"/>
            <line number="6" hits="20" branch="true" condition-coverage="87.5% (7/8)"/>
            <line number="7" hits="20" branch="true" condition-coverage="75% (3/4)"/>
            <line number="9" hits="30" branch="true" condition-coverage="100% (4/4)"/>
            <line number="10" hits="10" branch="true" condition-coverage="75% (3/4)"/>
            <line number="12" hits="20" branch="false"/>
            <line number="19" hits="14" branch="false"/>
            <line number="20" hits="14" branch="false"/>
            <line number="21" hits="14" branch="true" condition-coverage="100% (2/2)"/>
            <line number="22" hits="5" branch="false"/>
            <line number="23" hits="10" branch="true" condition-coverage="100% (2/2)"/>
            <line number="24" hits="5" branch="false"/>
            <line number="26" hits="10" branch="false"/>
            <line number="29" hits="14" branch="false"/>
            <line number="34" hits="20" branch="true" condition-coverage="100% (2/2)"/>
            <line number="35" hits="6" branch="false"/>
            <line number="37" hits="28" branch="false"/>
            <line number="39" hits="14" branch="false"/>
            <line number="40" hits="14" branch="true" condition-coverage="50% (2/4)"/>
            <line number="41" hits="0" branch="false"/>
            <line number="44" hits="14" branch="true" condition-coverage="50% (2/4)"/>
            <line number="45" hits="0" branch="false"/>
            <line number="47" hits="14" branch="true" condition-coverage="75% (3/4)"/>
            <line number="48" hits="14" branch="true" condition-coverage="100% (2/2)"/>
            <line number="49" hits="5" branch="false"/>
            <line number="51" hits="14" branch="false"/>
            <line number="54" hits="3" branch="false"/>
            <line number="56" hits="3" branch="false"/>
          </lines>
        </class>
        <class name="appQueryBuilder.ts" filename="src/helpers/appQueryBuilder.ts" line-rate="0.5" branch-rate="0">
          <methods>
            <method name="(anonymous_3)" hits="0" signature="()V">
              <lines>
                <line number="19" hits="0"/>
              </lines>
            </method>
            <method name="(anonymous_4)" hits="0" signature="()V">
              <lines>
                <line number="23" hits="0"/>
              </lines>
            </method>
            <method name="(anonymous_5)" hits="0" signature="()V">
              <lines>
                <line number="26" hits="0"/>
              </lines>
            </method>
          </methods>
          <lines>
            <line number="3" hits="2" branch="false"/>
            <line number="19" hits="2" branch="false"/>
            <line number="20" hits="0" branch="true" condition-coverage="0% (0/6)"/>
            <line number="21" hits="0" branch="false"/>
            <line number="23" hits="0" branch="false"/>
            <line number="26" hits="2" branch="true" condition-coverage="0% (0/2)"/>
            <line number="27" hits="0" branch="false"/>
            <line number="28" hits="0" branch="false"/>
            <line number="34" hits="2" branch="false"/>
            <line number="39" hits="2" branch="false"/>
          </lines>
        </class>
        <class name="appQueryUtils.ts" filename="src/helpers/appQueryUtils.ts" line-rate="1" branch-rate="1">
          <methods>
          </methods>
          <lines>
            <line number="3" hits="2" branch="false"/>
            <line number="9" hits="2" branch="false"/>
            <line number="15" hits="2" branch="false"/>
            <line number="21" hits="2" branch="false"/>
          </lines>
        </class>
        <class name="index.ts" filename="src/helpers/index.ts" line-rate="1" branch-rate="1">
          <methods>
          </methods>
          <lines>
            <line number="1" hits="2" branch="false"/>
            <line number="2" hits="2" branch="false"/>
          </lines>
        </class>
      </classes>
    </package>
    <package name="src.hooks" line-rate="0.3917" branch-rate="0.44">
      <classes>
        <class name="appQueryBuilder.ts" filename="src/hooks/appQueryBuilder.ts" line-rate="1" branch-rate="0.8332999999999999">
          <methods>
            <method name="appQueryBuilder" hits="22" signature="()V">
              <lines>
                <line number="5" hits="22"/>
              </lines>
            </method>
          </methods>
          <lines>
            <line number="5" hits="3" branch="false"/>
            <line number="7" hits="22" branch="true" condition-coverage="50% (1/2)"/>
            <line number="10" hits="22" branch="false"/>
            <line number="12" hits="66" branch="false"/>
            <line number="13" hits="22" branch="true" condition-coverage="100% (2/2)"/>
            <line number="14" hits="6" branch="true" condition-coverage="100% (2/2)"/>
            <line number="15" hits="3" branch="false"/>
            <line number="18" hits="3" branch="false"/>
            <line number="21" hits="22" branch="true" condition-coverage="100% (2/2)"/>
            <line number="22" hits="12" branch="false"/>
            <line number="24" hits="22" branch="true" condition-coverage="100% (2/2)"/>
            <line number="25" hits="12" branch="true" condition-coverage="50% (1/2)"/>
            <line number="26" hits="12" branch="false"/>
            <line number="28" hits="22" branch="false"/>
          </lines>
        </class>
        <class name="index.ts" filename="src/hooks/index.ts" line-rate="1" branch-rate="1">
          <methods>
            <method name="(anonymous_4)" hits="14" signature="()V">
              <lines>
                <line number="3" hits="14"/>
              </lines>
            </method>
            <method name="(anonymous_5)" hits="0" signature="()V">
              <lines>
                <line number="4" hits="0"/>
              </lines>
            </method>
            <method name="(anonymous_6)" hits="0" signature="()V">
              <lines>
                <line number="6" hits="0"/>
              </lines>
            </method>
          </methods>
          <lines>
            <line number="3" hits="16" branch="false"/>
            <line number="4" hits="2" branch="false"/>
            <line number="5" hits="2" branch="false"/>
            <line number="6" hits="2" branch="false"/>
          </lines>
        </class>
        <class name="useAppMutation.ts" filename="src/hooks/useAppMutation.ts" line-rate="1" branch-rate="0.75">
          <methods>
            <method name="useAppMutation" hits="14" signature="()V">
              <lines>
                <line number="14" hits="14"/>
              </lines>
            </method>
            <method name="(anonymous_4)" hits="6" signature="()V">
              <lines>
                <line number="32" hits="6"/>
              </lines>
            </method>
            <method name="(anonymous_5)" hits="6" signature="()V">
              <lines>
                <line number="55" hits="6"/>
              </lines>
            </method>
          </methods>
          <lines>
            <line number="2" hits="2" branch="false"/>
            <line number="5" hits="2" branch="false"/>
            <line number="6" hits="2" branch="false"/>
            <line number="14" hits="2" branch="false"/>
            <line number="15" hits="18" branch="true" condition-coverage="100% (2/2)"/>
            <line number="16" hits="28" branch="true" condition-coverage="50% (1/2)"/>
            <line number="19" hits="14" branch="false"/>
            <line number="20" hits="14" branch="false"/>
            <line number="32" hits="14" branch="false"/>
            <line number="33" hits="6" branch="false"/>
            <line number="34" hits="6" branch="false"/>
            <line number="50" hits="6" branch="true" condition-coverage="75% (3/4)"/>
            <line number="56" hits="6" branch="false"/>
            <line number="57" hits="6" branch="true" condition-coverage="75% (3/4)"/>
          </lines>
        </class>
        <class name="useAppQuery.ts" filename="src/hooks/useAppQuery.ts" line-rate="1" branch-rate="0.75">
          <methods>
            <method name="useAppQuery" hits="8" signature="()V">
              <lines>
                <line number="13" hits="8"/>
              </lines>
            </method>
            <method name="(anonymous_3)" hits="6" signature="()V">
              <lines>
                <line number="22" hits="6"/>
              </lines>
            </method>
          </methods>
          <lines>
            <line number="2" hits="3" branch="false"/>
            <line number="5" hits="3" branch="false"/>
            <line number="6" hits="3" branch="false"/>
            <line number="13" hits="3" branch="false"/>
            <line number="15" hits="11" branch="true" condition-coverage="100% (2/2)"/>
            <line number="16" hits="16" branch="true" condition-coverage="50% (1/2)"/>
            <line number="19" hits="8" branch="false"/>
            <line number="22" hits="8" branch="false"/>
            <line number="23" hits="6" branch="false"/>
          </lines>
        </class>
        <class name="useAppQueryClient.ts" filename="src/hooks/useAppQueryClient.ts" line-rate="0.0484" branch-rate="0">
          <methods>
            <method name="useAppQueryClient" hits="0" signature="()V">
              <lines>
                <line number="61" hits="0"/>
              </lines>
            </method>
            <method name="(anonymous_1)" hits="0" signature="()V">
              <lines>
                <line number="65" hits="0"/>
              </lines>
            </method>
            <method name="(anonymous_2)" hits="0" signature="()V">
              <lines>
                <line number="70" hits="0"/>
              </lines>
            </method>
            <method name="(anonymous_3)" hits="0" signature="()V">
              <lines>
                <line number="75" hits="0"/>
              </lines>
            </method>
            <method name="(anonymous_4)" hits="0" signature="()V">
              <lines>
                <line number="79" hits="0"/>
              </lines>
            </method>
            <method name="(anonymous_5)" hits="0" signature="()V">
              <lines>
                <line number="83" hits="0"/>
              </lines>
            </method>
            <method name="(anonymous_6)" hits="0" signature="()V">
              <lines>
                <line number="92" hits="0"/>
              </lines>
            </method>
            <method name="(anonymous_7)" hits="0" signature="()V">
              <lines>
                <line number="107" hits="0"/>
              </lines>
            </method>
            <method name="(anonymous_8)" hits="0" signature="()V">
              <lines>
                <line number="111" hits="0"/>
              </lines>
            </method>
            <method name="(anonymous_9)" hits="0" signature="()V">
              <lines>
                <line number="115" hits="0"/>
              </lines>
            </method>
            <method name="(anonymous_10)" hits="0" signature="()V">
              <lines>
                <line number="119" hits="0"/>
              </lines>
            </method>
            <method name="(anonymous_11)" hits="0" signature="()V">
              <lines>
                <line number="123" hits="0"/>
              </lines>
            </method>
            <method name="(anonymous_12)" hits="0" signature="()V">
              <lines>
                <line number="127" hits="0"/>
              </lines>
            </method>
            <method name="(anonymous_13)" hits="0" signature="()V">
              <lines>
                <line number="131" hits="0"/>
              </lines>
            </method>
            <method name="(anonymous_14)" hits="0" signature="()V">
              <lines>
                <line number="135" hits="0"/>
              </lines>
            </method>
            <method name="(anonymous_15)" hits="0" signature="()V">
              <lines>
                <line number="140" hits="0"/>
              </lines>
            </method>
            <method name="(anonymous_16)" hits="0" signature="()V">
              <lines>
                <line number="144" hits="0"/>
              </lines>
            </method>
            <method name="(anonymous_17)" hits="0" signature="()V">
              <lines>
                <line number="148" hits="0"/>
              </lines>
            </method>
            <method name="(anonymous_18)" hits="0" signature="()V">
              <lines>
                <line number="152" hits="0"/>
              </lines>
            </method>
            <method name="(anonymous_19)" hits="0" signature="()V">
              <lines>
                <line number="156" hits="0"/>
              </lines>
            </method>
          </methods>
          <lines>
            <line number="1" hits="2" branch="false"/>
            <line number="5" hits="2" branch="false"/>
            <line number="61" hits="2" branch="false"/>
            <line number="63" hits="0" branch="false"/>
            <line number="65" hits="0" branch="false"/>
            <line number="66" hits="0" branch="false"/>
            <line number="67" hits="0" branch="false"/>
            <line number="70" hits="0" branch="false"/>
            <line number="71" hits="0" branch="false"/>
            <line number="72" hits="0" branch="false"/>
            <line number="75" hits="0" branch="false"/>
            <line number="76" hits="0" branch="false"/>
            <line number="77" hits="0" branch="false"/>
            <line number="79" hits="0" branch="false"/>
            <line number="80" hits="0" branch="false"/>
            <line number="81" hits="0" branch="false"/>
            <line number="83" hits="0" branch="false"/>
            <line number="84" hits="0" branch="false"/>
            <line number="85" hits="0" branch="false"/>
            <line number="92" hits="0" branch="true" condition-coverage="0% (0/2)"/>
            <line number="93" hits="0" branch="false"/>
            <line number="94" hits="0" branch="false"/>
            <line number="107" hits="0" branch="false"/>
            <line number="108" hits="0" branch="false"/>
            <line number="109" hits="0" branch="false"/>
            <line number="111" hits="0" branch="false"/>
            <line number="112" hits="0" branch="false"/>
            <line number="113" hits="0" branch="false"/>
            <line number="115" hits="0" branch="false"/>
            <line number="116" hits="0" branch="false"/>
            <line number="117" hits="0" branch="false"/>
            <line number="119" hits="0" branch="false"/>
            <line number="120" hits="0" branch="false"/>
            <line number="121" hits="0" branch="false"/>
            <line number="123" hits="0" branch="false"/>
            <line number="124" hits="0" branch="false"/>
            <line number="125" hits="0" branch="false"/>
            <line number="127" hits="0" branch="false"/>
            <line number="128" hits="0" branch="false"/>
            <line number="129" hits="0" branch="false"/>
            <line number="131" hits="0" branch="false"/>
            <line number="132" hits="0" branch="false"/>
            <line number="133" hits="0" branch="false"/>
            <line number="135" hits="0" branch="false"/>
            <line number="136" hits="0" branch="false"/>
            <line number="137" hits="0" branch="false"/>
            <line number="140" hits="0" branch="false"/>
            <line number="141" hits="0" branch="false"/>
            <line number="142" hits="0" branch="false"/>
            <line number="144" hits="0" branch="true" condition-coverage="0% (0/2)"/>
            <line number="145" hits="0" branch="false"/>
            <line number="146" hits="0" branch="false"/>
            <line number="148" hits="0" branch="false"/>
            <line number="149" hits="0" branch="false"/>
            <line number="150" hits="0" branch="false"/>
            <line number="152" hits="0" branch="true" condition-coverage="0% (0/4)"/>
            <line number="153" hits="0" branch="false"/>
            <line number="154" hits="0" branch="false"/>
            <line number="156" hits="0" branch="false"/>
            <line number="157" hits="0" branch="false"/>
            <line number="158" hits="0" branch="false"/>
            <line number="161" hits="0" branch="false"/>
          </lines>
        </class>
        <class name="useInfiniteAppQuery.ts" filename="src/hooks/useInfiniteAppQuery.ts" line-rate="0.1765" branch-rate="0">
          <methods>
            <method name="useInfiniteAppQuery" hits="0" signature="()V">
              <lines>
                <line number="7" hits="0"/>
              </lines>
            </method>
            <method name="(anonymous_4)" hits="0" signature="()V">
              <lines>
                <line number="32" hits="0"/>
              </lines>
            </method>
          </methods>
          <lines>
            <line number="2" hits="2" branch="false"/>
            <line number="5" hits="2" branch="false"/>
            <line number="7" hits="2" branch="false"/>
            <line number="9" hits="0" branch="true" condition-coverage="0% (0/2)"/>
            <line number="10" hits="0" branch="true" condition-coverage="0% (0/2)"/>
            <line number="13" hits="0" branch="true" condition-coverage="0% (0/2)"/>
            <line number="15" hits="0" branch="false"/>
            <line number="16" hits="0" branch="true" condition-coverage="0% (0/2)"/>
            <line number="17" hits="0" branch="true" condition-coverage="0% (0/2)"/>
            <line number="18" hits="0" branch="false"/>
            <line number="21" hits="0" branch="false"/>
            <line number="24" hits="0" branch="true" condition-coverage="0% (0/2)"/>
            <line number="25" hits="0" branch="false"/>
            <line number="27" hits="0" branch="true" condition-coverage="0% (0/2)"/>
            <line number="28" hits="0" branch="false"/>
            <line number="32" hits="0" branch="false"/>
            <line number="33" hits="0" branch="false"/>
          </lines>
        </class>
      </classes>
    </package>
    <package name="src.imperative" line-rate="1" branch-rate="1">
      <classes>
        <class name="index.ts" filename="src/imperative/index.ts" line-rate="1" branch-rate="1">
          <methods>
            <method name="performRequest" hits="20" signature="()V">
              <lines>
                <line number="7" hits="20"/>
              </lines>
            </method>
            <method name="httpGet" hits="4" signature="()V">
              <lines>
                <line number="27" hits="4"/>
              </lines>
            </method>
            <method name="httpPost" hits="4" signature="()V">
              <lines>
                <line number="34" hits="4"/>
              </lines>
            </method>
            <method name="httpPut" hits="4" signature="()V">
              <lines>
                <line number="41" hits="4"/>
              </lines>
            </method>
            <method name="httpPatch" hits="4" signature="()V">
              <lines>
                <line number="48" hits="4"/>
              </lines>
            </method>
            <method name="httpDelete" hits="4" signature="()V">
              <lines>
                <line number="55" hits="4"/>
              </lines>
            </method>
          </methods>
          <lines>
            <line number="4" hits="3" branch="false"/>
            <line number="5" hits="3" branch="false"/>
            <line number="8" hits="20" branch="false"/>
            <line number="9" hits="20" branch="false"/>
            <line number="10" hits="20" branch="false"/>
            <line number="27" hits="3" branch="false"/>
            <line number="31" hits="4" branch="false"/>
            <line number="34" hits="3" branch="false"/>
            <line number="38" hits="4" branch="false"/>
            <line number="41" hits="3" branch="false"/>
            <line number="45" hits="4" branch="false"/>
            <line number="48" hits="3" branch="false"/>
            <line number="52" hits="4" branch="false"/>
            <line number="55" hits="3" branch="false"/>
            <line number="59" hits="4" branch="false"/>
            <line number="62" hits="3" branch="false"/>
          </lines>
        </class>
      </classes>
    </package>
    <package name="src.networking" line-rate="0.614" branch-rate="0.3529">
      <classes>
        <class name="httpManager.ts" filename="src/networking/httpManager.ts" line-rate="0.6071" branch-rate="0.3529">
          <methods>
            <method name="(anonymous_24)" hits="0" signature="()V">
              <lines>
                <line number="123" hits="0"/>
              </lines>
            </method>
            <method name="initApi" hits="1" signature="()V">
              <lines>
                <line number="138" hits="1"/>
              </lines>
            </method>
            <method name="(anonymous_26)" hits="2" signature="()V">
              <lines>
                <line number="140" hits="2"/>
              </lines>
            </method>
            <method name="(anonymous_27)" hits="0" signature="()V">
              <lines>
                <line number="157" hits="0"/>
              </lines>
            </method>
            <method name="(anonymous_28)" hits="0" signature="()V">
              <lines>
                <line number="164" hits="0"/>
              </lines>
            </method>
            <method name="httpRequest" hits="20" signature="()V">
              <lines>
                <line number="179" hits="20"/>
              </lines>
            </method>
            <method name="(anonymous_32)" hits="0" signature="()V">
              <lines>
                <line number="234" hits="0"/>
              </lines>
            </method>
            <method name="(anonymous_33)" hits="0" signature="()V">
              <lines>
                <line number="254" hits="0"/>
              </lines>
            </method>
          </methods>
          <lines>
            <line number="1" hits="3" branch="false"/>
            <line number="2" hits="3" branch="false"/>
            <line number="4" hits="3" branch="false"/>
            <line number="123" hits="3" branch="false"/>
            <line number="124" hits="0" branch="true" condition-coverage="0% (0/2)"/>
            <line number="125" hits="0" branch="true" condition-coverage="0% (0/20)"/>
            <line number="127" hits="0" branch="false"/>
            <line number="131" hits="3" branch="false"/>
            <line number="138" hits="3" branch="false"/>
            <line number="139" hits="1" branch="false"/>
            <line number="140" hits="1" branch="false"/>
            <line number="141" hits="2" branch="false"/>
            <line number="142" hits="2" branch="false"/>
            <line number="156" hits="2" branch="false"/>
            <line number="158" hits="0" branch="false"/>
            <line number="159" hits="0" branch="true" condition-coverage="0% (0/2)"/>
            <line number="160" hits="0" branch="false"/>
            <line number="162" hits="0" branch="false"/>
            <line number="165" hits="0" branch="false"/>
            <line number="169" hits="2" branch="false"/>
            <line number="177" hits="3" branch="false"/>
            <line number="179" hits="3" branch="false"/>
            <line number="181" hits="20" branch="true" condition-coverage="50% (1/2)"/>
            <line number="185" hits="20" branch="false"/>
            <line number="186" hits="20" branch="true" condition-coverage="50% (1/2)"/>
            <line number="189" hits="20" branch="true" condition-coverage="75% (3/4)"/>
            <line number="190" hits="20" branch="false"/>
            <line number="191" hits="0" branch="true" condition-coverage="0% (0/2)"/>
            <line number="192" hits="0" branch="false"/>
            <line number="195" hits="0" branch="false"/>
            <line number="200" hits="20" branch="true" condition-coverage="100% (2/2)"/>
            <line number="201" hits="20" branch="false"/>
            <line number="202" hits="20" branch="true" condition-coverage="80% (4/5)"/>
            <line number="203" hits="20" branch="true" condition-coverage="75% (3/4)"/>
            <line number="204" hits="20" branch="true" condition-coverage="50% (1/2)"/>
            <line number="205" hits="0" branch="false"/>
            <line number="208" hits="20" branch="false"/>
            <line number="209" hits="20" branch="false"/>
            <line number="210" hits="20" branch="true" condition-coverage="50% (1/2)"/>
            <line number="211" hits="20" branch="false"/>
            <line number="212" hits="20" branch="false"/>
            <line number="213" hits="20" branch="false"/>
            <line number="218" hits="20" branch="false"/>
            <line number="231" hits="20" branch="true" condition-coverage="50% (1/2)"/>
            <line number="232" hits="0" branch="false"/>
            <line number="234" hits="20" branch="true" condition-coverage="75% (3/4)"/>
            <line number="235" hits="0" branch="false"/>
            <line number="236" hits="0" branch="false"/>
            <line number="238" hits="0" branch="false"/>
            <line number="241" hits="20" branch="false"/>
            <line number="243" hits="0" branch="false"/>
            <line number="254" hits="0" branch="true" condition-coverage="0% (0/4)"/>
            <line number="255" hits="0" branch="false"/>
            <line number="256" hits="0" branch="false"/>
            <line number="258" hits="0" branch="false"/>
            <line number="261" hits="0" branch="false"/>
          </lines>
        </class>
        <class name="index.ts" filename="src/networking/index.ts" line-rate="1" branch-rate="1">
          <methods>
          </methods>
          <lines>
            <line number="1" hits="2" branch="false"/>
          </lines>
        </class>
      </classes>
    </package>
    <package name="src.test" line-rate="1" branch-rate="1">
      <classes>
        <class name="test-utils.tsx" filename="src/test/test-utils.tsx" line-rate="1" branch-rate="1">
          <methods>
            <method name="waitForHook" hits="14" signature="()V">
              <lines>
                <line number="13" hits="14"/>
              </lines>
            </method>
            <method name="(anonymous_16)" hits="28" signature="()V">
              <lines>
                <line number="15" hits="28"/>
              </lines>
            </method>
            <method name="(anonymous_19)" hits="14" signature="()V">
              <lines>
                <line number="24" hits="14"/>
              </lines>
            </method>
          </methods>
          <lines>
            <line number="1" hits="2" branch="false"/>
            <line number="2" hits="2" branch="false"/>
            <line number="13" hits="16" branch="false"/>
            <line number="14" hits="14" branch="false"/>
            <line number="15" hits="14" branch="false"/>
            <line number="16" hits="14" branch="false"/>
            <line number="23" hits="2" branch="false"/>
            <line number="24" hits="14" branch="false"/>
          </lines>
        </class>
      </classes>
    </package>
  </packages>
</coverage>
