{"/Users/simone/dev/react/react-query-typed-api/src/helpers/apiUtils.ts": {"path":"/Users/simone/dev/react/react-query-typed-api/src/helpers/apiUtils.ts","statementMap":{"0":{"start":{"line":2,"column":0},"end":{"line":2,"column":31}},"1":{"start":{"line":5,"column":29},"end":{"line":16,"column":1}},"2":{"start":{"line":6,"column":16},"end":{"line":6,"column":66}},"3":{"start":{"line":7,"column":1},"end":{"line":14,"column":13}},"4":{"start":{"line":9,"column":3},"end":{"line":11,"column":null}},"5":{"start":{"line":10,"column":4},"end":{"line":10,"column":null}},"6":{"start":{"line":12,"column":3},"end":{"line":12,"column":15}},"7":{"start":{"line":19,"column":19},"end":{"line":19,"column":21}},"8":{"start":{"line":20,"column":19},"end":{"line":20,"column":37}},"9":{"start":{"line":21,"column":1},"end":{"line":28,"column":null}},"10":{"start":{"line":22,"column":2},"end":{"line":27,"column":null}},"11":{"start":{"line":23,"column":3},"end":{"line":25,"column":null}},"12":{"start":{"line":24,"column":4},"end":{"line":24,"column":23}},"13":{"start":{"line":26,"column":3},"end":{"line":26,"column":null}},"14":{"start":{"line":29,"column":1},"end":{"line":29,"column":20}},"15":{"start":{"line":34,"column":1},"end":{"line":36,"column":null}},"16":{"start":{"line":35,"column":2},"end":{"line":35,"column":null}},"17":{"start":{"line":37,"column":35},"end":{"line":37,"column":43}},"18":{"start":{"line":39,"column":11},"end":{"line":39,"column":26}},"19":{"start":{"line":40,"column":1},"end":{"line":46,"column":null}},"20":{"start":{"line":41,"column":2},"end":{"line":41,"column":37}},"21":{"start":{"line":44,"column":6},"end":{"line":46,"column":null}},"22":{"start":{"line":45,"column":2},"end":{"line":45,"column":47}},"23":{"start":{"line":47,"column":21},"end":{"line":47,"column":95}},"24":{"start":{"line":48,"column":1},"end":{"line":50,"column":null}},"25":{"start":{"line":49,"column":2},"end":{"line":49,"column":27}},"26":{"start":{"line":51,"column":1},"end":{"line":51,"column":12}},"27":{"start":{"line":54,"column":17},"end":{"line":54,"column":69}},"28":{"start":{"line":56,"column":0},"end":{"line":56,"column":24}}},"fnMap":{"0":{"name":"(anonymous_1)","decl":{"start":{"line":5,"column":29},"end":{"line":5,"column":30}},"loc":{"start":{"line":5,"column":114},"end":{"line":16,"column":1}}},"1":{"name":"(anonymous_2)","decl":{"start":{"line":8,"column":7},"end":{"line":8,"column":8}},"loc":{"start":{"line":8,"column":12},"end":{"line":13,"column":3}}},"2":{"name":"buildQueryString","decl":{"start":{"line":18,"column":9},"end":{"line":18,"column":25}},"loc":{"start":{"line":18,"column":77},"end":{"line":30,"column":1}}},"3":{"name":"(anonymous_4)","decl":{"start":{"line":22,"column":20},"end":{"line":22,"column":21}},"loc":{"start":{"line":22,"column":31},"end":{"line":27,"column":3}}},"4":{"name":"buildUrl","decl":{"start":{"line":33,"column":9},"end":{"line":33,"column":17}},"loc":{"start":{"line":33,"column":58},"end":{"line":52,"column":1}}}},"branchMap":{"0":{"loc":{"start":{"line":6,"column":47},"end":{"line":6,"column":51}},"type":"cond-expr","locations":[{"start":{"line":6,"column":47},"end":{"line":6,"column":51}},{"start":{"line":6,"column":51},"end":{"line":6,"column":66}}]},"1":{"loc":{"start":{"line":6,"column":16},"end":{"line":6,"column":51}},"type":"binary-expr","locations":[{"start":{"line":6,"column":16},"end":{"line":6,"column":51}},{"start":{"line":6,"column":47},"end":{"line":6,"column":51}}]},"2":{"loc":{"start":{"line":6,"column":40},"end":{"line":6,"column":42}},"type":"cond-expr","locations":[{"start":{"line":6,"column":40},"end":{"line":6,"column":42}},{"start":{"line":6,"column":40},"end":{"line":6,"column":47}}]},"3":{"loc":{"start":{"line":6,"column":16},"end":{"line":6,"column":42}},"type":"binary-expr","locations":[{"start":{"line":6,"column":16},"end":{"line":6,"column":42}},{"start":{"line":6,"column":40},"end":{"line":6,"column":42}}]},"4":{"loc":{"start":{"line":7,"column":26},"end":{"line":7,"column":28}},"type":"cond-expr","locations":[{"start":{"line":7,"column":26},"end":{"line":7,"column":28}},{"start":{"line":7,"column":26},"end":{"line":14,"column":12}}]},"5":{"loc":{"start":{"line":7,"column":8},"end":{"line":7,"column":28}},"type":"binary-expr","locations":[{"start":{"line":7,"column":8},"end":{"line":7,"column":28}},{"start":{"line":7,"column":26},"end":{"line":7,"column":28}}]},"6":{"loc":{"start":{"line":9,"column":3},"end":{"line":11,"column":null}},"type":"if","locations":[{"start":{"line":9,"column":3},"end":{"line":11,"column":null}},{"start":{"line":9,"column":3},"end":{"line":11,"column":null}}]},"7":{"loc":{"start":{"line":9,"column":7},"end":{"line":9,"column":22}},"type":"binary-expr","locations":[{"start":{"line":9,"column":7},"end":{"line":9,"column":22}},{"start":{"line":9,"column":26},"end":{"line":9,"column":46}}]},"8":{"loc":{"start":{"line":10,"column":37},"end":{"line":10,"column":40}},"type":"cond-expr","locations":[{"start":{"line":10,"column":37},"end":{"line":10,"column":40}},{"start":{"line":10,"column":37},"end":{"line":10,"column":58}}]},"9":{"loc":{"start":{"line":10,"column":11},"end":{"line":10,"column":40}},"type":"binary-expr","locations":[{"start":{"line":10,"column":11},"end":{"line":10,"column":40}},{"start":{"line":10,"column":37},"end":{"line":10,"column":40}}]},"10":{"loc":{"start":{"line":21,"column":1},"end":{"line":28,"column":null}},"type":"if","locations":[{"start":{"line":21,"column":1},"end":{"line":28,"column":null}},{"start":{"line":21,"column":1},"end":{"line":28,"column":null}}]},"11":{"loc":{"start":{"line":23,"column":3},"end":{"line":25,"column":null}},"type":"if","locations":[{"start":{"line":23,"column":3},"end":{"line":25,"column":null}},{"start":{"line":23,"column":3},"end":{"line":25,"column":null}}]},"12":{"loc":{"start":{"line":34,"column":1},"end":{"line":36,"column":null}},"type":"if","locations":[{"start":{"line":34,"column":1},"end":{"line":36,"column":null}},{"start":{"line":34,"column":1},"end":{"line":36,"column":null}}]},"13":{"loc":{"start":{"line":40,"column":1},"end":{"line":46,"column":null}},"type":"if","locations":[{"start":{"line":40,"column":1},"end":{"line":46,"column":null}},{"start":{"line":40,"column":1},"end":{"line":46,"column":null}}]},"14":{"loc":{"start":{"line":40,"column":5},"end":{"line":40,"column":39}},"type":"binary-expr","locations":[{"start":{"line":40,"column":5},"end":{"line":40,"column":39}},{"start":{"line":40,"column":43},"end":{"line":40,"column":59}}]},"15":{"loc":{"start":{"line":44,"column":6},"end":{"line":46,"column":null}},"type":"if","locations":[{"start":{"line":44,"column":6},"end":{"line":46,"column":null}},{"start":{"line":44,"column":6},"end":{"line":46,"column":null}}]},"16":{"loc":{"start":{"line":44,"column":10},"end":{"line":44,"column":44}},"type":"binary-expr","locations":[{"start":{"line":44,"column":10},"end":{"line":44,"column":44}},{"start":{"line":44,"column":48},"end":{"line":44,"column":69}}]},"17":{"loc":{"start":{"line":47,"column":49},"end":{"line":47,"column":54}},"type":"cond-expr","locations":[{"start":{"line":47,"column":49},"end":{"line":47,"column":54}},{"start":{"line":47,"column":57},"end":{"line":47,"column":95}}]},"18":{"loc":{"start":{"line":47,"column":83},"end":{"line":47,"column":88}},"type":"binary-expr","locations":[{"start":{"line":47,"column":83},"end":{"line":47,"column":88}},{"start":{"line":47,"column":92},"end":{"line":47,"column":94}}]},"19":{"loc":{"start":{"line":48,"column":1},"end":{"line":50,"column":null}},"type":"if","locations":[{"start":{"line":48,"column":1},"end":{"line":50,"column":null}},{"start":{"line":48,"column":1},"end":{"line":50,"column":null}}]}},"s":{"0":1,"1":1,"2":0,"3":0,"4":0,"5":0,"6":0,"7":0,"8":0,"9":0,"10":0,"11":0,"12":0,"13":0,"14":0,"15":0,"16":0,"17":0,"18":0,"19":0,"20":0,"21":0,"22":0,"23":0,"24":0,"25":0,"26":0,"27":1,"28":1},"f":{"0":0,"1":0,"2":0,"3":0,"4":0},"b":{"0":[0,0],"1":[0,0],"2":[0,0],"3":[0,0],"4":[0,0],"5":[0,0],"6":[0,0],"7":[0,0],"8":[0,0],"9":[0,0],"10":[0,0],"11":[0,0],"12":[0,0],"13":[0,0],"14":[0,0],"15":[0,0],"16":[0,0],"17":[0,0],"18":[0,0],"19":[0,0]}}
,"/Users/simone/dev/react/react-query-typed-api/src/hooks/appQueryBuilder.ts": {"path":"/Users/simone/dev/react/react-query-typed-api/src/hooks/appQueryBuilder.ts","statementMap":{"0":{"start":{"line":7,"column":2},"end":{"line":7,"column":null}},"1":{"start":{"line":10,"column":31},"end":{"line":10,"column":48}},"2":{"start":{"line":12,"column":47},"end":{"line":12,"column":null}},"3":{"start":{"line":13,"column":1},"end":{"line":20,"column":null}},"4":{"start":{"line":14,"column":2},"end":{"line":19,"column":null}},"5":{"start":{"line":15,"column":3},"end":{"line":15,"column":null}},"6":{"start":{"line":18,"column":3},"end":{"line":18,"column":null}},"7":{"start":{"line":21,"column":1},"end":{"line":23,"column":null}},"8":{"start":{"line":22,"column":2},"end":{"line":22,"column":null}},"9":{"start":{"line":24,"column":1},"end":{"line":27,"column":null}},"10":{"start":{"line":25,"column":21},"end":{"line":25,"column":69}},"11":{"start":{"line":26,"column":2},"end":{"line":26,"column":null}},"12":{"start":{"line":28,"column":1},"end":{"line":28,"column":null}},"13":{"start":{"line":29,"column":1},"end":{"line":29,"column":23}},"14":{"start":{"line":5,"column":0},"end":{"line":5,"column":16}}},"fnMap":{"0":{"name":"appQueryBuilder","decl":{"start":{"line":5,"column":16},"end":{"line":5,"column":31}},"loc":{"start":{"line":7,"column":48},"end":{"line":31,"column":1}}}},"branchMap":{"0":{"loc":{"start":{"line":7,"column":2},"end":{"line":7,"column":null}},"type":"if","locations":[{"start":{"line":7,"column":2},"end":{"line":7,"column":null}},{"start":{"line":7,"column":2},"end":{"line":7,"column":null}}]},"1":{"loc":{"start":{"line":13,"column":1},"end":{"line":20,"column":null}},"type":"if","locations":[{"start":{"line":13,"column":1},"end":{"line":20,"column":null}},{"start":{"line":13,"column":1},"end":{"line":20,"column":null}}]},"2":{"loc":{"start":{"line":14,"column":2},"end":{"line":19,"column":null}},"type":"if","locations":[{"start":{"line":14,"column":2},"end":{"line":19,"column":null}},{"start":{"line":14,"column":2},"end":{"line":19,"column":null}}]},"3":{"loc":{"start":{"line":21,"column":1},"end":{"line":23,"column":null}},"type":"if","locations":[{"start":{"line":21,"column":1},"end":{"line":23,"column":null}},{"start":{"line":21,"column":1},"end":{"line":23,"column":null}}]},"4":{"loc":{"start":{"line":24,"column":1},"end":{"line":27,"column":null}},"type":"if","locations":[{"start":{"line":24,"column":1},"end":{"line":27,"column":null}},{"start":{"line":24,"column":1},"end":{"line":27,"column":null}}]},"5":{"loc":{"start":{"line":25,"column":49},"end":{"line":25,"column":54}},"type":"cond-expr","locations":[{"start":{"line":25,"column":49},"end":{"line":25,"column":54}},{"start":{"line":25,"column":56},"end":{"line":25,"column":69}}]}},"s":{"0":1,"1":1,"2":3,"3":1,"4":1,"5":1,"6":0,"7":1,"8":1,"9":1,"10":1,"11":1,"12":1,"13":1,"14":1},"f":{"0":1},"b":{"0":[0,1],"1":[1,0],"2":[1,0],"3":[1,0],"4":[1,0],"5":[0,1]}}
,"/Users/simone/dev/react/react-query-typed-api/src/hooks/useAppQuery.ts": {"path":"/Users/simone/dev/react/react-query-typed-api/src/hooks/useAppQuery.ts","statementMap":{"0":{"start":{"line":2,"column":0},"end":{"line":2,"column":72}},"1":{"start":{"line":5,"column":0},"end":{"line":5,"column":52}},"2":{"start":{"line":6,"column":0},"end":{"line":6,"column":39}},"3":{"start":{"line":15,"column":2},"end":{"line":15,"column":null}},"4":{"start":{"line":16,"column":2},"end":{"line":16,"column":null}},"5":{"start":{"line":19,"column":24},"end":{"line":19,"column":73}},"6":{"start":{"line":22,"column":1},"end":{"line":24,"column":28}},"7":{"start":{"line":23,"column":2},"end":{"line":23,"column":null}},"8":{"start":{"line":13,"column":0},"end":{"line":13,"column":16}}},"fnMap":{"0":{"name":"useAppQuery","decl":{"start":{"line":13,"column":16},"end":{"line":13,"column":27}},"loc":{"start":{"line":16,"column":39},"end":{"line":26,"column":1}}},"1":{"name":"(anonymous_3)","decl":{"start":{"line":22,"column":38},"end":{"line":22,"column":39}},"loc":{"start":{"line":22,"column":50},"end":{"line":24,"column":2}}}},"branchMap":{"0":{"loc":{"start":{"line":15,"column":2},"end":{"line":15,"column":null}},"type":"if","locations":[{"start":{"line":15,"column":2},"end":{"line":15,"column":null}},{"start":{"line":15,"column":2},"end":{"line":15,"column":null}}]},"1":{"loc":{"start":{"line":16,"column":2},"end":{"line":16,"column":null}},"type":"if","locations":[{"start":{"line":16,"column":2},"end":{"line":16,"column":null}},{"start":{"line":16,"column":2},"end":{"line":16,"column":null}}]}},"s":{"0":1,"1":1,"2":1,"3":1,"4":2,"5":1,"6":1,"7":1,"8":1},"f":{"0":1,"1":1},"b":{"0":[0,1],"1":[1,0]}}
,"/Users/simone/dev/react/react-query-typed-api/src/imperative/index.ts": {"path":"/Users/simone/dev/react/react-query-typed-api/src/imperative/index.ts","statementMap":{"0":{"start":{"line":4,"column":0},"end":{"line":4,"column":43}},"1":{"start":{"line":5,"column":0},"end":{"line":5,"column":68}},"2":{"start":{"line":8,"column":16},"end":{"line":8,"column":79}},"3":{"start":{"line":9,"column":13},"end":{"line":9,"column":62}},"4":{"start":{"line":10,"column":1},"end":{"line":15,"column":4}},"5":{"start":{"line":31,"column":1},"end":{"line":31,"column":71}},"6":{"start":{"line":27,"column":0},"end":{"line":27,"column":16}},"7":{"start":{"line":38,"column":1},"end":{"line":38,"column":null}},"8":{"start":{"line":34,"column":0},"end":{"line":34,"column":16}},"9":{"start":{"line":45,"column":1},"end":{"line":45,"column":71}},"10":{"start":{"line":41,"column":0},"end":{"line":41,"column":16}},"11":{"start":{"line":52,"column":1},"end":{"line":52,"column":73}},"12":{"start":{"line":48,"column":0},"end":{"line":48,"column":16}},"13":{"start":{"line":59,"column":1},"end":{"line":59,"column":74}},"14":{"start":{"line":55,"column":0},"end":{"line":55,"column":16}}},"fnMap":{"0":{"name":"performRequest","decl":{"start":{"line":7,"column":9},"end":{"line":7,"column":23}},"loc":{"start":{"line":7,"column":137},"end":{"line":16,"column":1}}},"1":{"name":"httpGet","decl":{"start":{"line":27,"column":16},"end":{"line":27,"column":23}},"loc":{"start":{"line":29,"column":34},"end":{"line":32,"column":1}}},"2":{"name":"httpPost","decl":{"start":{"line":34,"column":16},"end":{"line":34,"column":24}},"loc":{"start":{"line":36,"column":64},"end":{"line":39,"column":1}}},"3":{"name":"httpPut","decl":{"start":{"line":41,"column":16},"end":{"line":41,"column":23}},"loc":{"start":{"line":43,"column":64},"end":{"line":46,"column":1}}},"4":{"name":"httpPatch","decl":{"start":{"line":48,"column":16},"end":{"line":48,"column":25}},"loc":{"start":{"line":50,"column":64},"end":{"line":53,"column":1}}},"5":{"name":"httpDelete","decl":{"start":{"line":55,"column":16},"end":{"line":55,"column":26}},"loc":{"start":{"line":57,"column":64},"end":{"line":60,"column":1}}}},"branchMap":{"0":{"loc":{"start":{"line":13,"column":42},"end":{"line":13,"column":46}},"type":"cond-expr","locations":[{"start":{"line":13,"column":42},"end":{"line":13,"column":46}},{"start":{"line":13,"column":46},"end":{"line":13,"column":52}}]},"1":{"loc":{"start":{"line":13,"column":12},"end":{"line":13,"column":46}},"type":"binary-expr","locations":[{"start":{"line":13,"column":12},"end":{"line":13,"column":46}},{"start":{"line":13,"column":42},"end":{"line":13,"column":46}}]}},"s":{"0":1,"1":1,"2":0,"3":0,"4":0,"5":0,"6":1,"7":0,"8":1,"9":0,"10":1,"11":0,"12":1,"13":0,"14":1},"f":{"0":0,"1":0,"2":0,"3":0,"4":0,"5":0},"b":{"0":[0,0],"1":[0,0]}}
,"/Users/simone/dev/react/react-query-typed-api/src/networking/httpManager.ts": {"path":"/Users/simone/dev/react/react-query-typed-api/src/networking/httpManager.ts","statementMap":{"0":{"start":{"line":1,"column":0},"end":{"line":1,"column":99}},"1":{"start":{"line":2,"column":0},"end":{"line":2,"column":31}},"2":{"start":{"line":4,"column":0},"end":{"line":4,"column":47}},"3":{"start":{"line":123,"column":31},"end":{"line":128,"column":1}},"4":{"start":{"line":124,"column":1},"end":{"line":126,"column":null}},"5":{"start":{"line":125,"column":2},"end":{"line":125,"column":169}},"6":{"start":{"line":127,"column":1},"end":{"line":127,"column":15}},"7":{"start":{"line":131,"column":67},"end":{"line":131,"column":69}},"8":{"start":{"line":139,"column":1},"end":{"line":139,"column":20}},"9":{"start":{"line":140,"column":1},"end":{"line":170,"column":null}},"10":{"start":{"line":141,"column":23},"end":{"line":141,"column":61}},"11":{"start":{"line":142,"column":24},"end":{"line":145,"column":null}},"12":{"start":{"line":156,"column":2},"end":{"line":167,"column":4}},"13":{"start":{"line":158,"column":4},"end":{"line":158,"column":null}},"14":{"start":{"line":159,"column":4},"end":{"line":161,"column":null}},"15":{"start":{"line":160,"column":5},"end":{"line":160,"column":null}},"16":{"start":{"line":162,"column":4},"end":{"line":162,"column":null}},"17":{"start":{"line":165,"column":4},"end":{"line":165,"column":33}},"18":{"start":{"line":169,"column":2},"end":{"line":169,"column":38}},"19":{"start":{"line":138,"column":0},"end":{"line":138,"column":16}},"20":{"start":{"line":177,"column":13},"end":{"line":177,"column":38}},"21":{"start":{"line":181,"column":2},"end":{"line":183,"column":null}},"22":{"start":{"line":185,"column":9},"end":{"line":185,"column":46}},"23":{"start":{"line":186,"column":9},"end":{"line":186,"column":26}},"24":{"start":{"line":189,"column":7},"end":{"line":189,"column":65}},"25":{"start":{"line":190,"column":34},"end":{"line":190,"column":null}},"26":{"start":{"line":190,"column":18},"end":{"line":190,"column":30}},"27":{"start":{"line":191,"column":6},"end":{"line":191,"column":13}},"28":{"start":{"line":192,"column":3},"end":{"line":192,"column":11}},"29":{"start":{"line":192,"column":11},"end":{"line":192,"column":15}},"30":{"start":{"line":192,"column":18},"end":{"line":192,"column":39}},"31":{"start":{"line":192,"column":3},"end":{"line":192,"column":39}},"32":{"start":{"line":195,"column":3},"end":{"line":195,"column":24}},"33":{"start":{"line":200,"column":7},"end":{"line":200,"column":111}},"34":{"start":{"line":201,"column":7},"end":{"line":201,"column":45}},"35":{"start":{"line":202,"column":5},"end":{"line":202,"column":12}},"36":{"start":{"line":203,"column":16},"end":{"line":203,"column":null}},"37":{"start":{"line":203,"column":8},"end":{"line":203,"column":null}},"38":{"start":{"line":204,"column":2},"end":{"line":206,"column":null}},"39":{"start":{"line":205,"column":3},"end":{"line":205,"column":48}},"40":{"start":{"line":208,"column":7},"end":{"line":208,"column":48}},"41":{"start":{"line":209,"column":5},"end":{"line":209,"column":27}},"42":{"start":{"line":210,"column":1},"end":{"line":214,"column":null}},"43":{"start":{"line":211,"column":2},"end":{"line":211,"column":31}},"44":{"start":{"line":212,"column":2},"end":{"line":212,"column":43}},"45":{"start":{"line":213,"column":2},"end":{"line":213,"column":40}},"46":{"start":{"line":218,"column":17},"end":{"line":225,"column":null}},"47":{"start":{"line":218,"column":8},"end":{"line":225,"column":null}},"48":{"start":{"line":231,"column":2},"end":{"line":233,"column":null}},"49":{"start":{"line":232,"column":3},"end":{"line":232,"column":96}},"50":{"start":{"line":234,"column":2},"end":{"line":240,"column":5}},"51":{"start":{"line":235,"column":3},"end":{"line":239,"column":null}},"52":{"start":{"line":236,"column":4},"end":{"line":236,"column":15}},"53":{"start":{"line":238,"column":4},"end":{"line":238,"column":41}},"54":{"start":{"line":241,"column":2},"end":{"line":241,"column":21}},"55":{"start":{"line":243,"column":2},"end":{"line":249,"column":5}},"56":{"start":{"line":254,"column":2},"end":{"line":260,"column":5}},"57":{"start":{"line":255,"column":3},"end":{"line":259,"column":null}},"58":{"start":{"line":256,"column":4},"end":{"line":256,"column":47}},"59":{"start":{"line":258,"column":4},"end":{"line":258,"column":41}},"60":{"start":{"line":261,"column":2},"end":{"line":261,"column":14}},"61":{"start":{"line":179,"column":0},"end":{"line":179,"column":22}}},"fnMap":{"0":{"name":"(anonymous_24)","decl":{"start":{"line":123,"column":31},"end":{"line":123,"column":32}},"loc":{"start":{"line":123,"column":59},"end":{"line":128,"column":1}}},"1":{"name":"initApi","decl":{"start":{"line":138,"column":16},"end":{"line":138,"column":23}},"loc":{"start":{"line":138,"column":41},"end":{"line":171,"column":1}}},"2":{"name":"(anonymous_26)","decl":{"start":{"line":140,"column":37},"end":{"line":140,"column":38}},"loc":{"start":{"line":140,"column":41},"end":{"line":170,"column":2}}},"3":{"name":"(anonymous_27)","decl":{"start":{"line":157,"column":3},"end":{"line":157,"column":4}},"loc":{"start":{"line":157,"column":10},"end":{"line":163,"column":4}}},"4":{"name":"(anonymous_28)","decl":{"start":{"line":164,"column":3},"end":{"line":164,"column":8}},"loc":{"start":{"line":164,"column":8},"end":{"line":166,"column":4}}},"5":{"name":"httpRequest","decl":{"start":{"line":179,"column":22},"end":{"line":179,"column":33}},"loc":{"start":{"line":179,"column":61},"end":{"line":263,"column":null}}},"6":{"name":"(anonymous_32)","decl":{"start":{"line":234,"column":77},"end":{"line":234,"column":78}},"loc":{"start":{"line":234,"column":80},"end":{"line":240,"column":3}}},"7":{"name":"(anonymous_33)","decl":{"start":{"line":254,"column":53},"end":{"line":254,"column":54}},"loc":{"start":{"line":254,"column":56},"end":{"line":260,"column":3}}}},"branchMap":{"0":{"loc":{"start":{"line":124,"column":1},"end":{"line":126,"column":null}},"type":"if","locations":[{"start":{"line":124,"column":1},"end":{"line":126,"column":null}},{"start":{"line":124,"column":1},"end":{"line":126,"column":null}}]},"1":{"loc":{"start":{"line":125,"column":39},"end":{"line":125,"column":41}},"type":"cond-expr","locations":[{"start":{"line":125,"column":39},"end":{"line":125,"column":41}},{"start":{"line":125,"column":33},"end":{"line":125,"column":47}}]},"2":{"loc":{"start":{"line":125,"column":33},"end":{"line":125,"column":41}},"type":"binary-expr","locations":[{"start":{"line":125,"column":33},"end":{"line":125,"column":41}},{"start":{"line":125,"column":33},"end":{"line":125,"column":41}}]},"3":{"loc":{"start":{"line":125,"column":60},"end":{"line":125,"column":62}},"type":"cond-expr","locations":[{"start":{"line":125,"column":60},"end":{"line":125,"column":62}},{"start":{"line":125,"column":54},"end":{"line":125,"column":65}}]},"4":{"loc":{"start":{"line":125,"column":54},"end":{"line":125,"column":62}},"type":"binary-expr","locations":[{"start":{"line":125,"column":54},"end":{"line":125,"column":62}},{"start":{"line":125,"column":54},"end":{"line":125,"column":62}}]},"5":{"loc":{"start":{"line":125,"column":107},"end":{"line":125,"column":110}},"type":"cond-expr","locations":[{"start":{"line":125,"column":107},"end":{"line":125,"column":110}},{"start":{"line":125,"column":107},"end":{"line":125,"column":126}}]},"6":{"loc":{"start":{"line":125,"column":92},"end":{"line":125,"column":110}},"type":"binary-expr","locations":[{"start":{"line":125,"column":92},"end":{"line":125,"column":110}},{"start":{"line":125,"column":107},"end":{"line":125,"column":110}}]},"7":{"loc":{"start":{"line":125,"column":98},"end":{"line":125,"column":100}},"type":"cond-expr","locations":[{"start":{"line":125,"column":98},"end":{"line":125,"column":100}},{"start":{"line":125,"column":92},"end":{"line":125,"column":107}}]},"8":{"loc":{"start":{"line":125,"column":92},"end":{"line":125,"column":100}},"type":"binary-expr","locations":[{"start":{"line":125,"column":92},"end":{"line":125,"column":100}},{"start":{"line":125,"column":92},"end":{"line":125,"column":100}}]},"9":{"loc":{"start":{"line":125,"column":152},"end":{"line":125,"column":154}},"type":"cond-expr","locations":[{"start":{"line":125,"column":152},"end":{"line":125,"column":154}},{"start":{"line":125,"column":146},"end":{"line":125,"column":158}}]},"10":{"loc":{"start":{"line":125,"column":146},"end":{"line":125,"column":154}},"type":"binary-expr","locations":[{"start":{"line":125,"column":146},"end":{"line":125,"column":154}},{"start":{"line":125,"column":146},"end":{"line":125,"column":154}}]},"11":{"loc":{"start":{"line":143,"column":32},"end":{"line":143,"column":36}},"type":"cond-expr","locations":[{"start":{"line":143,"column":32},"end":{"line":143,"column":36}},{"start":{"line":143,"column":36},"end":{"line":143,"column":41}}]},"12":{"loc":{"start":{"line":143,"column":12},"end":{"line":143,"column":36}},"type":"binary-expr","locations":[{"start":{"line":143,"column":12},"end":{"line":143,"column":36}},{"start":{"line":143,"column":32},"end":{"line":143,"column":36}}]},"13":{"loc":{"start":{"line":159,"column":4},"end":{"line":161,"column":null}},"type":"if","locations":[{"start":{"line":159,"column":4},"end":{"line":161,"column":null}},{"start":{"line":159,"column":4},"end":{"line":161,"column":null}}]},"14":{"loc":{"start":{"line":181,"column":13},"end":{"line":181,"column":19}},"type":"cond-expr","locations":[{"start":{"line":181,"column":13},"end":{"line":181,"column":19}},{"start":{"line":181,"column":19},"end":{"line":181,"column":null}}]},"15":{"loc":{"start":{"line":182,"column":16},"end":{"line":182,"column":20}},"type":"cond-expr","locations":[{"start":{"line":182,"column":16},"end":{"line":182,"column":20}},{"start":{"line":182,"column":20},"end":{"line":182,"column":null}}]},"16":{"loc":{"start":{"line":186,"column":19},"end":{"line":186,"column":21}},"type":"cond-expr","locations":[{"start":{"line":186,"column":19},"end":{"line":186,"column":21}},{"start":{"line":186,"column":21},"end":{"line":186,"column":26}}]},"17":{"loc":{"start":{"line":189,"column":58},"end":{"line":189,"column":62}},"type":"cond-expr","locations":[{"start":{"line":189,"column":58},"end":{"line":189,"column":62}},{"start":{"line":189,"column":62},"end":{"line":189,"column":64}}]},"18":{"loc":{"start":{"line":189,"column":23},"end":{"line":189,"column":62}},"type":"binary-expr","locations":[{"start":{"line":189,"column":23},"end":{"line":189,"column":62}},{"start":{"line":189,"column":58},"end":{"line":189,"column":62}}]},"19":{"loc":{"start":{"line":191,"column":6},"end":{"line":191,"column":13}},"type":"if","locations":[{"start":{"line":191,"column":6},"end":{"line":191,"column":13}},{"start":{"line":191,"column":6},"end":{"line":191,"column":13}}]},"20":{"loc":{"start":{"line":200,"column":19},"end":{"line":200,"column":62}},"type":"binary-expr","locations":[{"start":{"line":200,"column":19},"end":{"line":200,"column":62}},{"start":{"line":200,"column":66},"end":{"line":200,"column":110}}]},"21":{"loc":{"start":{"line":202,"column":5},"end":{"line":202,"column":12}},"type":"if","locations":[{"start":{"line":202,"column":5},"end":{"line":202,"column":12}},{"start":{"line":202,"column":5},"end":{"line":202,"column":12}}]},"22":{"loc":{"start":{"line":202,"column":5},"end":{"line":202,"column":34}},"type":"binary-expr","locations":[{"start":{"line":202,"column":5},"end":{"line":202,"column":34}},{"start":{"line":202,"column":38},"end":{"line":202,"column":49}},{"start":{"line":202,"column":53},"end":{"line":202,"column":64}}]},"23":{"loc":{"start":{"line":203,"column":92},"end":{"line":203,"column":96}},"type":"cond-expr","locations":[{"start":{"line":203,"column":92},"end":{"line":203,"column":96}},{"start":{"line":203,"column":96},"end":{"line":203,"column":103}}]},"24":{"loc":{"start":{"line":203,"column":44},"end":{"line":203,"column":96}},"type":"binary-expr","locations":[{"start":{"line":203,"column":44},"end":{"line":203,"column":96}},{"start":{"line":203,"column":92},"end":{"line":203,"column":96}}]},"25":{"loc":{"start":{"line":204,"column":2},"end":{"line":206,"column":null}},"type":"if","locations":[{"start":{"line":204,"column":2},"end":{"line":206,"column":null}},{"start":{"line":204,"column":2},"end":{"line":206,"column":null}}]},"26":{"loc":{"start":{"line":210,"column":1},"end":{"line":214,"column":null}},"type":"if","locations":[{"start":{"line":210,"column":1},"end":{"line":214,"column":null}},{"start":{"line":210,"column":1},"end":{"line":214,"column":null}}]},"27":{"loc":{"start":{"line":223,"column":43},"end":{"line":223,"column":45}},"type":"cond-expr","locations":[{"start":{"line":223,"column":43},"end":{"line":223,"column":45}},{"start":{"line":223,"column":43},"end":{"line":223,"column":50}}]},"28":{"loc":{"start":{"line":223,"column":16},"end":{"line":223,"column":45}},"type":"binary-expr","locations":[{"start":{"line":223,"column":16},"end":{"line":223,"column":45}},{"start":{"line":223,"column":43},"end":{"line":223,"column":45}}]},"29":{"loc":{"start":{"line":223,"column":30},"end":{"line":223,"column":32}},"type":"cond-expr","locations":[{"start":{"line":223,"column":30},"end":{"line":223,"column":32}},{"start":{"line":223,"column":16},"end":{"line":223,"column":43}}]},"30":{"loc":{"start":{"line":223,"column":16},"end":{"line":223,"column":32}},"type":"binary-expr","locations":[{"start":{"line":223,"column":16},"end":{"line":223,"column":32}},{"start":{"line":223,"column":16},"end":{"line":223,"column":32}}]},"31":{"loc":{"start":{"line":231,"column":2},"end":{"line":233,"column":null}},"type":"if","locations":[{"start":{"line":231,"column":2},"end":{"line":233,"column":null}},{"start":{"line":231,"column":2},"end":{"line":233,"column":null}}]},"32":{"loc":{"start":{"line":234,"column":67},"end":{"line":234,"column":69}},"type":"cond-expr","locations":[{"start":{"line":234,"column":67},"end":{"line":234,"column":69}},{"start":{"line":234,"column":67},"end":{"line":240,"column":4}}]},"33":{"loc":{"start":{"line":234,"column":2},"end":{"line":234,"column":69}},"type":"binary-expr","locations":[{"start":{"line":234,"column":2},"end":{"line":234,"column":69}},{"start":{"line":234,"column":67},"end":{"line":234,"column":69}}]},"34":{"loc":{"start":{"line":245,"column":25},"end":{"line":245,"column":27}},"type":"cond-expr","locations":[{"start":{"line":245,"column":25},"end":{"line":245,"column":27}},{"start":{"line":245,"column":25},"end":{"line":245,"column":33}}]},"35":{"loc":{"start":{"line":245,"column":11},"end":{"line":245,"column":27}},"type":"binary-expr","locations":[{"start":{"line":245,"column":11},"end":{"line":245,"column":27}},{"start":{"line":245,"column":25},"end":{"line":245,"column":27}}]},"36":{"loc":{"start":{"line":246,"column":23},"end":{"line":246,"column":25}},"type":"cond-expr","locations":[{"start":{"line":246,"column":23},"end":{"line":246,"column":25}},{"start":{"line":246,"column":23},"end":{"line":246,"column":29}}]},"37":{"loc":{"start":{"line":246,"column":9},"end":{"line":246,"column":25}},"type":"binary-expr","locations":[{"start":{"line":246,"column":9},"end":{"line":246,"column":25}},{"start":{"line":246,"column":23},"end":{"line":246,"column":25}}]},"38":{"loc":{"start":{"line":247,"column":26},"end":{"line":247,"column":28}},"type":"cond-expr","locations":[{"start":{"line":247,"column":26},"end":{"line":247,"column":28}},{"start":{"line":247,"column":26},"end":{"line":247,"column":35}}]},"39":{"loc":{"start":{"line":247,"column":12},"end":{"line":247,"column":28}},"type":"binary-expr","locations":[{"start":{"line":247,"column":12},"end":{"line":247,"column":28}},{"start":{"line":247,"column":26},"end":{"line":247,"column":28}}]},"40":{"loc":{"start":{"line":254,"column":43},"end":{"line":254,"column":45}},"type":"cond-expr","locations":[{"start":{"line":254,"column":43},"end":{"line":254,"column":45}},{"start":{"line":254,"column":43},"end":{"line":260,"column":4}}]},"41":{"loc":{"start":{"line":254,"column":2},"end":{"line":254,"column":45}},"type":"binary-expr","locations":[{"start":{"line":254,"column":2},"end":{"line":254,"column":45}},{"start":{"line":254,"column":43},"end":{"line":254,"column":45}}]}},"s":{"0":1,"1":1,"2":1,"3":1,"4":0,"5":0,"6":0,"7":1,"8":0,"9":0,"10":0,"11":0,"12":0,"13":0,"14":0,"15":0,"16":0,"17":0,"18":0,"19":1,"20":1,"21":0,"22":0,"23":0,"24":0,"25":0,"26":0,"27":0,"28":0,"29":0,"30":0,"31":0,"32":0,"33":0,"34":0,"35":0,"36":0,"37":0,"38":0,"39":0,"40":0,"41":0,"42":0,"43":0,"44":0,"45":0,"46":0,"47":0,"48":0,"49":0,"50":0,"51":0,"52":0,"53":0,"54":0,"55":0,"56":0,"57":0,"58":0,"59":0,"60":0,"61":1},"f":{"0":0,"1":0,"2":0,"3":0,"4":0,"5":0,"6":0,"7":0},"b":{"0":[0,0],"1":[0,0],"2":[0,0],"3":[0,0],"4":[0,0],"5":[0,0],"6":[0,0],"7":[0,0],"8":[0,0],"9":[0,0],"10":[0,0],"11":[0,0],"12":[0,0],"13":[0,0],"14":[0,0],"15":[0,0],"16":[0,0],"17":[0,0],"18":[0,0],"19":[0,0],"20":[0,0],"21":[0,0],"22":[0,0,0],"23":[0,0],"24":[0,0],"25":[0,0],"26":[0,0],"27":[0,0],"28":[0,0],"29":[0,0],"30":[0,0],"31":[0,0],"32":[0,0],"33":[0,0],"34":[0,0],"35":[0,0],"36":[0,0],"37":[0,0],"38":[0,0],"39":[0,0],"40":[0,0],"41":[0,0]}}
}
