{"total": {"lines":{"total":258,"covered":154,"skipped":0,"pct":59.69},"statements":{"total":279,"covered":164,"skipped":0,"pct":58.78},"functions":{"total":57,"covered":24,"skipped":0,"pct":42.11},"branches":{"total":187,"covered":88,"skipped":0,"pct":47.06}}
,"/Users/simone/dev/react/react-query-typed-api/src/index.ts": {"lines":{"total":6,"covered":6,"skipped":0,"pct":100},"functions":{"total":0,"covered":0,"skipped":0,"pct":100},"statements":{"total":6,"covered":6,"skipped":0,"pct":100},"branches":{"total":0,"covered":0,"skipped":0,"pct":100}}
,"/Users/simone/dev/react/react-query-typed-api/src/components/AppQuery.ts": {"lines":{"total":5,"covered":3,"skipped":0,"pct":60},"functions":{"total":1,"covered":0,"skipped":0,"pct":0},"statements":{"total":5,"covered":3,"skipped":0,"pct":60},"branches":{"total":0,"covered":0,"skipped":0,"pct":100}}
,"/Users/simone/dev/react/react-query-typed-api/src/components/index.ts": {"lines":{"total":1,"covered":1,"skipped":0,"pct":100},"functions":{"total":0,"covered":0,"skipped":0,"pct":100},"statements":{"total":1,"covered":1,"skipped":0,"pct":100},"branches":{"total":0,"covered":0,"skipped":0,"pct":100}}
,"/Users/simone/dev/react/react-query-typed-api/src/helpers/apiUtils.ts": {"lines":{"total":29,"covered":27,"skipped":0,"pct":93.1},"functions":{"total":5,"covered":5,"skipped":0,"pct":100},"statements":{"total":29,"covered":27,"skipped":0,"pct":93.1},"branches":{"total":40,"covered":32,"skipped":0,"pct":80}}
,"/Users/simone/dev/react/react-query-typed-api/src/helpers/appQueryBuilder.ts": {"lines":{"total":10,"covered":5,"skipped":0,"pct":50},"functions":{"total":3,"covered":0,"skipped":0,"pct":0},"statements":{"total":13,"covered":5,"skipped":0,"pct":38.46},"branches":{"total":8,"covered":0,"skipped":0,"pct":0}}
,"/Users/simone/dev/react/react-query-typed-api/src/helpers/appQueryUtils.ts": {"lines":{"total":4,"covered":4,"skipped":0,"pct":100},"functions":{"total":0,"covered":0,"skipped":0,"pct":100},"statements":{"total":4,"covered":4,"skipped":0,"pct":100},"branches":{"total":0,"covered":0,"skipped":0,"pct":100}}
,"/Users/simone/dev/react/react-query-typed-api/src/helpers/index.ts": {"lines":{"total":2,"covered":2,"skipped":0,"pct":100},"functions":{"total":0,"covered":0,"skipped":0,"pct":100},"statements":{"total":2,"covered":2,"skipped":0,"pct":100},"branches":{"total":0,"covered":0,"skipped":0,"pct":100}}
,"/Users/simone/dev/react/react-query-typed-api/src/hooks/appQueryBuilder.ts": {"lines":{"total":14,"covered":14,"skipped":0,"pct":100},"functions":{"total":1,"covered":1,"skipped":0,"pct":100},"statements":{"total":14,"covered":14,"skipped":0,"pct":100},"branches":{"total":12,"covered":10,"skipped":0,"pct":83.33}}
,"/Users/simone/dev/react/react-query-typed-api/src/hooks/index.ts": {"lines":{"total":4,"covered":4,"skipped":0,"pct":100},"functions":{"total":3,"covered":1,"skipped":0,"pct":33.33},"statements":{"total":7,"covered":7,"skipped":0,"pct":100},"branches":{"total":0,"covered":0,"skipped":0,"pct":100}}
,"/Users/simone/dev/react/react-query-typed-api/src/hooks/useAppMutation.ts": {"lines":{"total":14,"covered":14,"skipped":0,"pct":100},"functions":{"total":3,"covered":3,"skipped":0,"pct":100},"statements":{"total":16,"covered":16,"skipped":0,"pct":100},"branches":{"total":12,"covered":9,"skipped":0,"pct":75}}
,"/Users/simone/dev/react/react-query-typed-api/src/hooks/useAppQuery.ts": {"lines":{"total":9,"covered":9,"skipped":0,"pct":100},"functions":{"total":2,"covered":2,"skipped":0,"pct":100},"statements":{"total":9,"covered":9,"skipped":0,"pct":100},"branches":{"total":4,"covered":3,"skipped":0,"pct":75}}
,"/Users/simone/dev/react/react-query-typed-api/src/hooks/useAppQueryClient.ts": {"lines":{"total":62,"covered":3,"skipped":0,"pct":4.84},"functions":{"total":20,"covered":0,"skipped":0,"pct":0},"statements":{"total":66,"covered":3,"skipped":0,"pct":4.55},"branches":{"total":8,"covered":0,"skipped":0,"pct":0}}
,"/Users/simone/dev/react/react-query-typed-api/src/hooks/useInfiniteAppQuery.ts": {"lines":{"total":17,"covered":3,"skipped":0,"pct":17.65},"functions":{"total":2,"covered":0,"skipped":0,"pct":0},"statements":{"total":17,"covered":3,"skipped":0,"pct":17.65},"branches":{"total":14,"covered":0,"skipped":0,"pct":0}}
,"/Users/simone/dev/react/react-query-typed-api/src/imperative/index.ts": {"lines":{"total":16,"covered":16,"skipped":0,"pct":100},"functions":{"total":6,"covered":6,"skipped":0,"pct":100},"statements":{"total":16,"covered":16,"skipped":0,"pct":100},"branches":{"total":4,"covered":4,"skipped":0,"pct":100}}
,"/Users/simone/dev/react/react-query-typed-api/src/networking/httpManager.ts": {"lines":{"total":56,"covered":34,"skipped":0,"pct":60.71},"functions":{"total":8,"covered":3,"skipped":0,"pct":37.5},"statements":{"total":62,"covered":36,"skipped":0,"pct":58.06},"branches":{"total":85,"covered":30,"skipped":0,"pct":35.29}}
,"/Users/simone/dev/react/react-query-typed-api/src/networking/index.ts": {"lines":{"total":1,"covered":1,"skipped":0,"pct":100},"functions":{"total":0,"covered":0,"skipped":0,"pct":100},"statements":{"total":1,"covered":1,"skipped":0,"pct":100},"branches":{"total":0,"covered":0,"skipped":0,"pct":100}}
,"/Users/simone/dev/react/react-query-typed-api/src/test/test-utils.tsx": {"lines":{"total":8,"covered":8,"skipped":0,"pct":100},"functions":{"total":3,"covered":3,"skipped":0,"pct":100},"statements":{"total":11,"covered":11,"skipped":0,"pct":100},"branches":{"total":0,"covered":0,"skipped":0,"pct":100}}
}
