TN:
SF:src/index.ts
FNF:0
FNH:0
DA:4,2
DA:5,2
DA:6,2
DA:7,2
DA:8,2
DA:9,2
LF:6
LH:6
BRF:0
BRH:0
end_of_record
TN:
SF:src/components/AppQuery.ts
FN:10,AppQuery
FNF:1
FNH:0
FNDA:0,AppQuery
DA:2,2
DA:10,2
DA:12,0
DA:13,0
DA:16,2
LF:5
LH:3
BRF:0
BRH:0
end_of_record
TN:
SF:src/components/index.ts
FNF:0
FNH:0
DA:1,2
LF:1
LH:1
BRF:0
BRH:0
end_of_record
TN:
SF:src/helpers/apiUtils.ts
FN:5,(anonymous_1)
FN:8,(anonymous_2)
FN:18,buildQueryString
FN:22,(anonymous_4)
FN:33,buildUrl
FNF:5
FNH:5
FNDA:20,(anonymous_1)
FNDA:30,(anonymous_2)
FNDA:14,buildQueryString
FNDA:10,(anonymous_4)
FNDA:20,buildUrl
DA:2,3
DA:5,3
DA:6,20
DA:7,20
DA:9,30
DA:10,10
DA:12,20
DA:19,14
DA:20,14
DA:21,14
DA:22,5
DA:23,10
DA:24,5
DA:26,10
DA:29,14
DA:34,20
DA:35,6
DA:37,28
DA:39,14
DA:40,14
DA:41,0
DA:44,14
DA:45,0
DA:47,14
DA:48,14
DA:49,5
DA:51,14
DA:54,3
DA:56,3
LF:29
LH:27
BRDA:6,0,0,5
BRDA:6,0,1,15
BRDA:6,1,0,20
BRDA:6,1,1,20
BRDA:6,2,0,0
BRDA:6,2,1,20
BRDA:6,3,0,20
BRDA:6,3,1,20
BRDA:7,4,0,0
BRDA:7,4,1,20
BRDA:7,5,0,20
BRDA:7,5,1,20
BRDA:9,6,0,10
BRDA:9,6,1,20
BRDA:9,7,0,30
BRDA:9,7,1,24
BRDA:10,8,0,0
BRDA:10,8,1,10
BRDA:10,9,0,10
BRDA:10,9,1,10
BRDA:21,10,0,5
BRDA:21,10,1,9
BRDA:23,11,0,5
BRDA:23,11,1,5
BRDA:34,12,0,6
BRDA:34,12,1,14
BRDA:40,13,0,0
BRDA:40,13,1,14
BRDA:40,14,0,14
BRDA:40,14,1,0
BRDA:44,15,0,0
BRDA:44,15,1,14
BRDA:44,16,0,14
BRDA:44,16,1,0
BRDA:47,17,0,0
BRDA:47,17,1,14
BRDA:47,18,0,14
BRDA:47,18,1,9
BRDA:48,19,0,5
BRDA:48,19,1,9
BRF:40
BRH:32
end_of_record
TN:
SF:src/helpers/appQueryBuilder.ts
FN:19,(anonymous_3)
FN:23,(anonymous_4)
FN:26,(anonymous_5)
FNF:3
FNH:0
FNDA:0,(anonymous_3)
FNDA:0,(anonymous_4)
FNDA:0,(anonymous_5)
DA:3,2
DA:19,2
DA:20,0
DA:21,0
DA:23,0
DA:26,2
DA:27,0
DA:28,0
DA:34,2
DA:39,2
LF:10
LH:5
BRDA:20,0,0,0
BRDA:20,0,1,0
BRDA:20,1,0,0
BRDA:20,1,1,0
BRDA:20,2,0,0
BRDA:20,2,1,0
BRDA:26,3,0,0
BRDA:26,3,1,0
BRF:8
BRH:0
end_of_record
TN:
SF:src/helpers/appQueryUtils.ts
FNF:0
FNH:0
DA:3,2
DA:9,2
DA:15,2
DA:21,2
LF:4
LH:4
BRF:0
BRH:0
end_of_record
TN:
SF:src/helpers/index.ts
FNF:0
FNH:0
DA:1,2
DA:2,2
LF:2
LH:2
BRF:0
BRH:0
end_of_record
TN:
SF:src/hooks/appQueryBuilder.ts
FN:5,appQueryBuilder
FNF:1
FNH:1
FNDA:22,appQueryBuilder
DA:5,3
DA:7,22
DA:10,22
DA:12,66
DA:13,22
DA:14,6
DA:15,3
DA:18,3
DA:21,22
DA:22,12
DA:24,22
DA:25,12
DA:26,12
DA:28,22
LF:14
LH:14
BRDA:7,0,0,0
BRDA:7,0,1,22
BRDA:13,1,0,6
BRDA:13,1,1,16
BRDA:14,2,0,3
BRDA:14,2,1,3
BRDA:21,3,0,12
BRDA:21,3,1,10
BRDA:24,4,0,12
BRDA:24,4,1,10
BRDA:25,5,0,0
BRDA:25,5,1,12
BRF:12
BRH:10
end_of_record
TN:
SF:src/hooks/index.ts
FN:3,(anonymous_4)
FN:4,(anonymous_5)
FN:6,(anonymous_6)
FNF:3
FNH:1
FNDA:14,(anonymous_4)
FNDA:0,(anonymous_5)
FNDA:0,(anonymous_6)
DA:3,16
DA:4,2
DA:5,2
DA:6,2
LF:4
LH:4
BRF:0
BRH:0
end_of_record
TN:
SF:src/hooks/useAppMutation.ts
FN:14,useAppMutation
FN:32,(anonymous_4)
FN:55,(anonymous_5)
FNF:3
FNH:3
FNDA:14,useAppMutation
FNDA:6,(anonymous_4)
FNDA:6,(anonymous_5)
DA:2,2
DA:5,2
DA:6,2
DA:14,2
DA:15,18
DA:16,28
DA:19,14
DA:20,14
DA:32,14
DA:33,6
DA:34,6
DA:50,6
DA:56,6
DA:57,6
LF:14
LH:14
BRDA:15,0,0,4
BRDA:15,0,1,10
BRDA:16,1,0,14
BRDA:16,1,1,0
BRDA:50,2,0,0
BRDA:50,2,1,6
BRDA:50,3,0,6
BRDA:50,3,1,6
BRDA:57,4,0,6
BRDA:57,4,1,0
BRDA:57,5,0,6
BRDA:57,5,1,6
BRF:12
BRH:9
end_of_record
TN:
SF:src/hooks/useAppQuery.ts
FN:13,useAppQuery
FN:22,(anonymous_3)
FNF:2
FNH:2
FNDA:8,useAppQuery
FNDA:6,(anonymous_3)
DA:2,3
DA:5,3
DA:6,3
DA:13,3
DA:15,11
DA:16,16
DA:19,8
DA:22,8
DA:23,6
LF:9
LH:9
BRDA:15,0,0,3
BRDA:15,0,1,5
BRDA:16,1,0,8
BRDA:16,1,1,0
BRF:4
BRH:3
end_of_record
TN:
SF:src/hooks/useAppQueryClient.ts
FN:61,useAppQueryClient
FN:65,(anonymous_1)
FN:70,(anonymous_2)
FN:75,(anonymous_3)
FN:79,(anonymous_4)
FN:83,(anonymous_5)
FN:92,(anonymous_6)
FN:107,(anonymous_7)
FN:111,(anonymous_8)
FN:115,(anonymous_9)
FN:119,(anonymous_10)
FN:123,(anonymous_11)
FN:127,(anonymous_12)
FN:131,(anonymous_13)
FN:135,(anonymous_14)
FN:140,(anonymous_15)
FN:144,(anonymous_16)
FN:148,(anonymous_17)
FN:152,(anonymous_18)
FN:156,(anonymous_19)
FNF:20
FNH:0
FNDA:0,useAppQueryClient
FNDA:0,(anonymous_1)
FNDA:0,(anonymous_2)
FNDA:0,(anonymous_3)
FNDA:0,(anonymous_4)
FNDA:0,(anonymous_5)
FNDA:0,(anonymous_6)
FNDA:0,(anonymous_7)
FNDA:0,(anonymous_8)
FNDA:0,(anonymous_9)
FNDA:0,(anonymous_10)
FNDA:0,(anonymous_11)
FNDA:0,(anonymous_12)
FNDA:0,(anonymous_13)
FNDA:0,(anonymous_14)
FNDA:0,(anonymous_15)
FNDA:0,(anonymous_16)
FNDA:0,(anonymous_17)
FNDA:0,(anonymous_18)
FNDA:0,(anonymous_19)
DA:1,2
DA:5,2
DA:61,2
DA:63,0
DA:65,0
DA:66,0
DA:67,0
DA:70,0
DA:71,0
DA:72,0
DA:75,0
DA:76,0
DA:77,0
DA:79,0
DA:80,0
DA:81,0
DA:83,0
DA:84,0
DA:85,0
DA:92,0
DA:93,0
DA:94,0
DA:107,0
DA:108,0
DA:109,0
DA:111,0
DA:112,0
DA:113,0
DA:115,0
DA:116,0
DA:117,0
DA:119,0
DA:120,0
DA:121,0
DA:123,0
DA:124,0
DA:125,0
DA:127,0
DA:128,0
DA:129,0
DA:131,0
DA:132,0
DA:133,0
DA:135,0
DA:136,0
DA:137,0
DA:140,0
DA:141,0
DA:142,0
DA:144,0
DA:145,0
DA:146,0
DA:148,0
DA:149,0
DA:150,0
DA:152,0
DA:153,0
DA:154,0
DA:156,0
DA:157,0
DA:158,0
DA:161,0
LF:62
LH:3
BRDA:92,0,0,0
BRDA:92,0,1,0
BRDA:144,1,0,0
BRDA:144,1,1,0
BRDA:152,2,0,0
BRDA:152,2,1,0
BRDA:152,3,0,0
BRDA:152,3,1,0
BRF:8
BRH:0
end_of_record
TN:
SF:src/hooks/useInfiniteAppQuery.ts
FN:7,useInfiniteAppQuery
FN:32,(anonymous_4)
FNF:2
FNH:0
FNDA:0,useInfiniteAppQuery
FNDA:0,(anonymous_4)
DA:2,2
DA:5,2
DA:7,2
DA:9,0
DA:10,0
DA:13,0
DA:15,0
DA:16,0
DA:17,0
DA:18,0
DA:21,0
DA:24,0
DA:25,0
DA:27,0
DA:28,0
DA:32,0
DA:33,0
LF:17
LH:3
BRDA:9,0,0,0
BRDA:9,0,1,0
BRDA:10,1,0,0
BRDA:10,1,1,0
BRDA:13,2,0,0
BRDA:13,2,1,0
BRDA:16,3,0,0
BRDA:16,3,1,0
BRDA:17,4,0,0
BRDA:17,4,1,0
BRDA:24,5,0,0
BRDA:24,5,1,0
BRDA:27,6,0,0
BRDA:27,6,1,0
BRF:14
BRH:0
end_of_record
TN:
SF:src/imperative/index.ts
FN:7,performRequest
FN:27,httpGet
FN:34,httpPost
FN:41,httpPut
FN:48,httpPatch
FN:55,httpDelete
FNF:6
FNH:6
FNDA:20,performRequest
FNDA:4,httpGet
FNDA:4,httpPost
FNDA:4,httpPut
FNDA:4,httpPatch
FNDA:4,httpDelete
DA:4,3
DA:5,3
DA:8,20
DA:9,20
DA:10,20
DA:27,3
DA:31,4
DA:34,3
DA:38,4
DA:41,3
DA:45,4
DA:48,3
DA:52,4
DA:55,3
DA:59,4
DA:62,3
LF:16
LH:16
BRDA:13,0,0,5
BRDA:13,0,1,15
BRDA:13,1,0,20
BRDA:13,1,1,20
BRF:4
BRH:4
end_of_record
TN:
SF:src/networking/httpManager.ts
FN:123,(anonymous_24)
FN:138,initApi
FN:140,(anonymous_26)
FN:157,(anonymous_27)
FN:164,(anonymous_28)
FN:179,httpRequest
FN:234,(anonymous_32)
FN:254,(anonymous_33)
FNF:8
FNH:3
FNDA:0,(anonymous_24)
FNDA:1,initApi
FNDA:2,(anonymous_26)
FNDA:0,(anonymous_27)
FNDA:0,(anonymous_28)
FNDA:20,httpRequest
FNDA:0,(anonymous_32)
FNDA:0,(anonymous_33)
DA:1,3
DA:2,3
DA:4,3
DA:123,3
DA:124,0
DA:125,0
DA:127,0
DA:131,3
DA:138,3
DA:139,1
DA:140,1
DA:141,2
DA:142,2
DA:156,2
DA:158,0
DA:159,0
DA:160,0
DA:162,0
DA:165,0
DA:169,2
DA:177,3
DA:179,3
DA:181,20
DA:185,20
DA:186,20
DA:189,20
DA:190,20
DA:191,0
DA:192,0
DA:195,0
DA:200,20
DA:201,20
DA:202,20
DA:203,20
DA:204,20
DA:205,0
DA:208,20
DA:209,20
DA:210,20
DA:211,20
DA:212,20
DA:213,20
DA:218,20
DA:231,20
DA:232,0
DA:234,20
DA:235,0
DA:236,0
DA:238,0
DA:241,20
DA:243,0
DA:254,0
DA:255,0
DA:256,0
DA:258,0
DA:261,0
LF:56
LH:34
BRDA:124,0,0,0
BRDA:124,0,1,0
BRDA:125,1,0,0
BRDA:125,1,1,0
BRDA:125,2,0,0
BRDA:125,2,1,0
BRDA:125,3,0,0
BRDA:125,3,1,0
BRDA:125,4,0,0
BRDA:125,4,1,0
BRDA:125,5,0,0
BRDA:125,5,1,0
BRDA:125,6,0,0
BRDA:125,6,1,0
BRDA:125,7,0,0
BRDA:125,7,1,0
BRDA:125,8,0,0
BRDA:125,8,1,0
BRDA:125,9,0,0
BRDA:125,9,1,0
BRDA:125,10,0,0
BRDA:125,10,1,0
BRDA:143,11,0,0
BRDA:143,11,1,2
BRDA:143,12,0,2
BRDA:143,12,1,2
BRDA:159,13,0,0
BRDA:159,13,1,0
BRDA:181,14,0,0
BRDA:181,14,1,20
BRDA:182,15,0,20
BRDA:182,15,1,0
BRDA:186,16,0,20
BRDA:186,16,1,0
BRDA:189,17,0,0
BRDA:189,17,1,20
BRDA:189,18,0,20
BRDA:189,18,1,20
BRDA:191,19,0,0
BRDA:191,19,1,0
BRDA:200,20,0,20
BRDA:200,20,1,20
BRDA:202,21,0,0
BRDA:202,21,1,20
BRDA:202,22,0,20
BRDA:202,22,1,20
BRDA:202,22,2,20
BRDA:203,23,0,0
BRDA:203,23,1,20
BRDA:203,24,0,20
BRDA:203,24,1,20
BRDA:204,25,0,0
BRDA:204,25,1,20
BRDA:210,26,0,20
BRDA:210,26,1,0
BRDA:223,27,0,20
BRDA:223,27,1,0
BRDA:223,28,0,20
BRDA:223,28,1,20
BRDA:223,29,0,0
BRDA:223,29,1,20
BRDA:223,30,0,20
BRDA:223,30,1,20
BRDA:231,31,0,0
BRDA:231,31,1,20
BRDA:234,32,0,20
BRDA:234,32,1,0
BRDA:234,33,0,20
BRDA:234,33,1,20
BRDA:245,34,0,0
BRDA:245,34,1,0
BRDA:245,35,0,0
BRDA:245,35,1,0
BRDA:246,36,0,0
BRDA:246,36,1,0
BRDA:246,37,0,0
BRDA:246,37,1,0
BRDA:247,38,0,0
BRDA:247,38,1,0
BRDA:247,39,0,0
BRDA:247,39,1,0
BRDA:254,40,0,0
BRDA:254,40,1,0
BRDA:254,41,0,0
BRDA:254,41,1,0
BRF:85
BRH:30
end_of_record
TN:
SF:src/networking/index.ts
FNF:0
FNH:0
DA:1,2
LF:1
LH:1
BRF:0
BRH:0
end_of_record
TN:
SF:src/test/test-utils.tsx
FN:13,waitForHook
FN:15,(anonymous_16)
FN:24,(anonymous_19)
FNF:3
FNH:3
FNDA:14,waitForHook
FNDA:28,(anonymous_16)
FNDA:14,(anonymous_19)
DA:1,2
DA:2,2
DA:13,16
DA:14,14
DA:15,14
DA:16,14
DA:23,2
DA:24,14
LF:8
LH:8
BRF:0
BRH:0
end_of_record
